<?xml version="1.0" encoding="UTF-8"?>
<testsuite xmlns:xsi="http://www.w3.org/2001/XMLSchema-instance" xsi:noNamespaceSchemaLocation="https://maven.apache.org/surefire/maven-surefire-plugin/xsd/surefire-test-report-3.0.xsd" version="3.0" name="com.fazdate.orderitemsreserver.functions.OrderItemsReserverTest" time="1.595" tests="2" errors="0" skipped="0" failures="0">
  <properties>
[...]
</properties>
  <testcase name="testRunWithoutJsonInput" classname="com.fazdate.orderitemsreserver.functions.OrderItemsReserverTest" time="1.559">
    <system-err><![CDATA[Nov 28, 2023 7:04:20 PM com.fazdate.orderitemsreserver.functions.OrderItemsReserver run
INFO: Java HTTP trigger processed a request.
Nov 28, 2023 7:04:20 PM com.fazdate.orderitemsreserver.functions.OrderItemsReserver run
WARNING: Missing JSON Payload in request body
]]></system-err>
  </testcase>
  <testcase name="testRunWithJsonInput" classname="com.fazdate.orderitemsreserver.functions.OrderItemsReserverTest" time="0.006">
    <system-err><![CDATA[Nov 28, 2023 7:04:20 PM com.fazdate.orderitemsreserver.functions.OrderItemsReserver run
INFO: Java HTTP trigger processed a request.
Nov 28, 2023 7:04:20 PM com.fazdate.orderitemsreserver.functions.OrderItemsReserver run
INFO: Received JSON payload: {"Test":"Value"}
Nov 28, 2023 7:04:20 PM com.fazdate.orderitemsreserver.functions.OrderItemsReserver run
INFO: JSON received and logged
]]></system-err>
  </testcase>
</testsuite>